0 info it worked if it ends with ok
1 verbose cli [ 'C:\\Program Files\\nodejs\\node.exe',
1 verbose cli   'C:\\Program Files\\nodejs\\node_modules\\npm\\bin\\npm-cli.js',
1 verbose cli   'run',
1 verbose cli   'hotLoader' ]
2 info using npm@3.3.12
3 info using node@v5.5.0
4 verbose run-script [ 'prehotLoader', 'hotLoader', 'posthotLoader' ]
5 info lifecycle react-webpack@1.0.0~prehotLoader: react-webpack@1.0.0
6 silly lifecycle react-webpack@1.0.0~prehotLoader: no script for prehotLoader, continuing
7 info lifecycle react-webpack@1.0.0~hotLoader: react-webpack@1.0.0
8 verbose lifecycle react-webpack@1.0.0~hotLoader: unsafe-perm in lifecycle true
9 verbose lifecycle react-webpack@1.0.0~hotLoader: PATH: C:\Program Files\nodejs\node_modules\npm\bin\node-gyp-bin;D:\software\wamp\www\git_workspace\framework\react-demo\reactHotLoader\node_modules\.bin;C:\Users\zhangjiqing\bin;C:\Program Files\Git\mingw64\bin;C:\Program Files\Git\usr\local\bin;C:\Program Files\Git\usr\bin;C:\Program Files\Git\usr\bin;C:\Program Files\Git\mingw64\bin;C:\Program Files\Git\usr\bin;C:\Users\zhangjiqing\bin;C:\windows\system32;C:\windows;C:\windows\System32\Wbem;C:\windows\System32\WindowsPowerShell\v1.0;C:\Program Files\nodejs;C:\Program Files\TortoiseSVN\bin;C:\Program Files\Git\cmd;C:\Users\zhangjiqing\AppData\Roaming\npm;D:\software\wamp\bin\php\php5.5.12;C:\Python27;C:\Program Files (x86)\nvmw;C:\Program Files\TortoiseSVN\bin;C:\Users\zhangjiqing\AppData\Local\Pandoc;C:\Program Files\Git\usr\bin\vendor_perl;C:\Program Files\Git\usr\bin\core_perl
10 verbose lifecycle react-webpack@1.0.0~hotLoader: CWD: D:\software\wamp\www\git_workspace\framework\react-demo\reactHotLoader
11 silly lifecycle react-webpack@1.0.0~hotLoader: Args: [ '/d /s /c',
11 silly lifecycle   'webpack-dev-server -d --port 8082 --hot --progress --colors' ]
12 silly lifecycle react-webpack@1.0.0~hotLoader: Returned: code: 1  signal: null
13 info lifecycle react-webpack@1.0.0~hotLoader: Failed to exec hotLoader script
14 verbose stack Error: react-webpack@1.0.0 hotLoader: `webpack-dev-server -d --port 8082 --hot --progress --colors`
14 verbose stack Exit status 1
14 verbose stack     at EventEmitter.<anonymous> (C:\Program Files\nodejs\node_modules\npm\lib\utils\lifecycle.js:232:16)
14 verbose stack     at emitTwo (events.js:100:13)
14 verbose stack     at EventEmitter.emit (events.js:185:7)
14 verbose stack     at ChildProcess.<anonymous> (C:\Program Files\nodejs\node_modules\npm\lib\utils\spawn.js:24:14)
14 verbose stack     at emitTwo (events.js:100:13)
14 verbose stack     at ChildProcess.emit (events.js:185:7)
14 verbose stack     at maybeClose (internal/child_process.js:821:16)
14 verbose stack     at Process.ChildProcess._handle.onexit (internal/child_process.js:211:5)
15 verbose pkgid react-webpack@1.0.0
16 verbose cwd D:\software\wamp\www\git_workspace\framework\react-demo\reactHotLoader
17 error Windows_NT 6.1.7601
18 error argv "C:\\Program Files\\nodejs\\node.exe" "C:\\Program Files\\nodejs\\node_modules\\npm\\bin\\npm-cli.js" "run" "hotLoader"
19 error node v5.5.0
20 error npm  v3.3.12
21 error code ELIFECYCLE
22 error react-webpack@1.0.0 hotLoader: `webpack-dev-server -d --port 8082 --hot --progress --colors`
22 error Exit status 1
23 error Failed at the react-webpack@1.0.0 hotLoader script 'webpack-dev-server -d --port 8082 --hot --progress --colors'.
23 error Make sure you have the latest version of node.js and npm installed.
23 error If you do, this is most likely a problem with the react-webpack package,
23 error not with npm itself.
23 error Tell the author that this fails on your system:
23 error     webpack-dev-server -d --port 8082 --hot --progress --colors
23 error You can get their info via:
23 error     npm owner ls react-webpack
23 error There is likely additional logging output above.
24 verbose exit [ 1, true ]
